app/build/intermediates/manifest_merge_blame_file/debug/manifest-merger-blame-debug-report.txt
1<?xml version="1.0" encoding="utf-8"?>
2<manifest xmlns:android="http://schemas.android.com/apk/res/android"
3    package="com.example.dashboard_ori"
4    android:versionCode="1"
5    android:versionName="1.0" >
6
7    <uses-sdk
8        android:minSdkVersion="19"
8-->src\main\AndroidManifest.xml
9        android:targetSdkVersion="28" />
9-->src\main\AndroidManifest.xml
10
11    <application
11-->src\main\AndroidManifest.xml:5:5-42:19
12        android:allowBackup="true"
12-->src\main\AndroidManifest.xml:6:9-35
13        android:appComponentFactory="androidx.core.app.CoreComponentFactory"
13-->[androidx.core:core:1.0.1] AndroidManifest.xml:22:18-86
14        android:debuggable="true"
15        android:icon="@drawable/logo_app"
15-->src\main\AndroidManifest.xml:7:9-42
16        android:label="@string/app_name"
16-->src\main\AndroidManifest.xml:8:9-41
17        android:roundIcon="@mipmap/ic_launcher_round"
17-->src\main\AndroidManifest.xml:9:9-54
18        android:supportsRtl="true"
18-->src\main\AndroidManifest.xml:10:9-35
19        android:testOnly="true"
20        android:theme="@style/AppTheme" >
20-->src\main\AndroidManifest.xml:11:9-40
21        <activity android:name="com.example.dashboard_ori.InvertebrateFragment.InWormsFragment" />
21-->src\main\AndroidManifest.xml:12:9-83
21-->src\main\AndroidManifest.xml:12:19-71
22        <activity android:name="com.example.dashboard_ori.InvertebrateFragment.InSpongesFragment" />
22-->src\main\AndroidManifest.xml:13:9-76
22-->src\main\AndroidManifest.xml:13:19-73
23        <activity android:name="com.example.dashboard_ori.InvertebrateFragment.InStarfishFragment" />
23-->src\main\AndroidManifest.xml:14:9-77
23-->src\main\AndroidManifest.xml:14:19-74
24        <activity android:name="com.example.dashboard_ori.InvertebrateFragment.InJellyfishFragment" />
24-->src\main\AndroidManifest.xml:15:9-78
24-->src\main\AndroidManifest.xml:15:19-75
25        <activity android:name="com.example.dashboard_ori.InvertebrateFragment.InMollusksFragment" />
25-->src\main\AndroidManifest.xml:16:9-77
25-->src\main\AndroidManifest.xml:16:19-74
26        <activity android:name="com.example.dashboard_ori.InvertebrateFragment.InOneFragment" />
26-->src\main\AndroidManifest.xml:17:9-72
26-->src\main\AndroidManifest.xml:17:19-69
27        <activity android:name="com.example.dashboard_ori.InvertebrateFragment.InArthropodsFragment" />
27-->src\main\AndroidManifest.xml:18:9-79
27-->src\main\AndroidManifest.xml:18:19-76
28        <activity android:name="com.example.dashboard_ori.InvertebrateActivity" />
28-->src\main\AndroidManifest.xml:19:9-58
28-->src\main\AndroidManifest.xml:19:19-55
29        <activity android:name="com.example.dashboard_ori.VertebrateActivity" />
29-->src\main\AndroidManifest.xml:20:9-56
29-->src\main\AndroidManifest.xml:20:19-53
30        <activity
30-->src\main\AndroidManifest.xml:21:9-23:66
31            android:name="com.example.dashboard_ori.MenuDuaActivity"
31-->src\main\AndroidManifest.xml:22:13-44
32            android:theme="@style/Theme.AppCompat.NoActionBar" />
32-->src\main\AndroidManifest.xml:23:13-63
33        <activity
33-->src\main\AndroidManifest.xml:24:9-26:66
34            android:name="com.example.dashboard_ori.MenuSatuActivity"
34-->src\main\AndroidManifest.xml:25:13-45
35            android:theme="@style/Theme.AppCompat.NoActionBar" />
35-->src\main\AndroidManifest.xml:26:13-63
36        <activity
36-->src\main\AndroidManifest.xml:27:9-29:66
37            android:name="com.example.dashboard_ori.AboutActivity"
37-->src\main\AndroidManifest.xml:28:13-42
38            android:theme="@style/Theme.AppCompat.NoActionBar" />
38-->src\main\AndroidManifest.xml:29:13-63
39        <activity
39-->src\main\AndroidManifest.xml:30:9-38:20
40            android:name="com.example.dashboard_ori.SplashActivity"
40-->src\main\AndroidManifest.xml:31:13-43
41            android:theme="@style/Theme.AppCompat.NoActionBar" >
41-->src\main\AndroidManifest.xml:32:13-63
42            <intent-filter>
42-->src\main\AndroidManifest.xml:33:13-37:29
43                <action android:name="android.intent.action.MAIN" />
43-->src\main\AndroidManifest.xml:34:17-69
43-->src\main\AndroidManifest.xml:34:25-66
44
45                <category android:name="android.intent.category.LAUNCHER" />
45-->src\main\AndroidManifest.xml:36:17-77
45-->src\main\AndroidManifest.xml:36:27-74
46            </intent-filter>
47        </activity>
48        <activity
48-->src\main\AndroidManifest.xml:39:9-41:66
49            android:name="com.example.dashboard_ori.MainActivity"
49-->src\main\AndroidManifest.xml:40:13-41
50            android:theme="@style/Theme.AppCompat.NoActionBar" />
50-->src\main\AndroidManifest.xml:41:13-63
51    </application>
52
53</manifest>